<?xml version="1.0" encoding="UTF-8"?>
<!-- Generated by org.testng.reporters.JUnitXMLReporter -->
<testsuite hostname="DESKTOP-FBFN071" ignored="0" name="Test" tests="1" failures="0" timestamp="18 Aug 2019 13:39:23 GMT" time="0.076" errors="0">
  <testcase name="@BeforeSuite Beforesuite" time="0.041" classname="Flipflop.ProjectWrapper">
    <failure type="java.lang.NoClassDefFoundError" message="com/relevantcodes/extentreports/ExtentReports">
      <![CDATA[java.lang.NoClassDefFoundError: com/relevantcodes/extentreports/ExtentReports
at Flipflop.Reporting.startReport(Reporting.java:17)
at Flipflop.ProjectWrapper.Beforesuite(ProjectWrapper.java:24)
Caused by: java.lang.ClassNotFoundException: com.relevantcodes.extentreports.ExtentReports
at java.net.URLClassLoader.findClass(Unknown Source)
at java.lang.ClassLoader.loadClass(Unknown Source)
at sun.misc.Launcher$AppClassLoader.loadClass(Unknown Source)
at java.lang.ClassLoader.loadClass(Unknown Source)
... 21 more
... Removed 19 stack frames]]>
    </failure>
  </testcase> <!-- @BeforeSuite Beforesuite -->
  <testcase name="@BeforeTest beforeTest" time="0.0" classname="Flipflop.ProjectWrapper">
    <skipped/>
  </testcase> <!-- @BeforeTest beforeTest -->
  <testcase name="@BeforeClass beforeClass" time="0.0" classname="Flipflop.TC001">
    <skipped/>
  </testcase> <!-- @BeforeClass beforeClass -->
  <testcase name="@BeforeMethod beforeMethod" time="0.0" classname="Flipflop.ProjectWrapper">
    <skipped/>
  </testcase> <!-- @BeforeMethod beforeMethod -->
  <testcase name="@AfterMethod afterMethod" time="0.0" classname="Flipflop.ProjectWrapper">
    <skipped/>
  </testcase> <!-- @AfterMethod afterMethod -->
  <testcase name="@AfterClass afterClass" time="0.0" classname="Flipflop.ProjectWrapper">
    <skipped/>
  </testcase> <!-- @AfterClass afterClass -->
  <testcase name="@AfterTest afterTest" time="0.0" classname="Flipflop.ProjectWrapper">
    <skipped/>
  </testcase> <!-- @AfterTest afterTest -->
  <testcase name="track" time="0.0" classname="Flipflop.TC001">
    <skipped/>
  </testcase> <!-- track -->
</testsuite> <!-- Test -->
